CRITICAL - 2024-01-08 08:14:52 --> Too few arguments to function App\Controllers\UserTransaksiCS::index(), 0 passed in D:\Game\Xampp\htdocs\komaha\komaha\system\CodeIgniter.php on line 896 and exactly 1 expected
in APPPATH\Controllers\UserTransaksiCS.php on line 21.
 1 SYSTEMPATH\CodeIgniter.php(896): App\Controllers\UserTransaksiCS->index()
 2 SYSTEMPATH\CodeIgniter.php(466): CodeIgniter\CodeIgniter->runController(Object(App\Controllers\UserTransaksiCS))
 3 SYSTEMPATH\CodeIgniter.php(349): CodeIgniter\CodeIgniter->handleRequest(null, Object(Config\Cache), false)
 4 FCPATH\index.php(55): CodeIgniter\CodeIgniter->run()
 5 SYSTEMPATH\Commands\Server\rewrite.php(43): require_once('FCPATH\\index.php')
CRITICAL - 2024-01-08 08:15:10 --> Undefined variable $idUser
in APPPATH\Controllers\UserTransaksiCS.php on line 23.
 1 APPPATH\Controllers\UserTransaksiCS.php(23): CodeIgniter\Debug\Exceptions->errorHandler(2, 'Undefined variable $idUser', 'APPPATH\\Controllers\\UserTransaksiCS.php', 23)
 2 SYSTEMPATH\CodeIgniter.php(896): App\Controllers\UserTransaksiCS->index()
 3 SYSTEMPATH\CodeIgniter.php(466): CodeIgniter\CodeIgniter->runController(Object(App\Controllers\UserTransaksiCS))
 4 SYSTEMPATH\CodeIgniter.php(349): CodeIgniter\CodeIgniter->handleRequest(null, Object(Config\Cache), false)
 5 FCPATH\index.php(55): CodeIgniter\CodeIgniter->run()
 6 SYSTEMPATH\Commands\Server\rewrite.php(43): require_once('FCPATH\\index.php')
CRITICAL - 2024-01-08 09:56:47 --> Undefined array key "ID_USER"
in APPPATH\Views\admin\kelola-kost.php on line 45.
 1 APPPATH\Views\admin\kelola-kost.php(45): CodeIgniter\Debug\Exceptions->errorHandler(2, 'Undefined array key "ID_USER"', 'APPPATH\\Views\\admin\\kelola-kost.php', 45)
 2 SYSTEMPATH\View\View.php(213): include('APPPATH\\Views\\admin\\kelola-kost.php')
 3 SYSTEMPATH\View\View.php(216): CodeIgniter\View\View->CodeIgniter\View\{closure}()
 4 SYSTEMPATH\Common.php(1135): CodeIgniter\View\View->render('admin/kelola-kost', [], true)
 5 APPPATH\Controllers\AdminKelolaKost.php(27): view('admin/kelola-kost', [...])
 6 SYSTEMPATH\CodeIgniter.php(896): App\Controllers\AdminKelolaKost->index()
 7 SYSTEMPATH\CodeIgniter.php(466): CodeIgniter\CodeIgniter->runController(Object(App\Controllers\AdminKelolaKost))
 8 SYSTEMPATH\CodeIgniter.php(349): CodeIgniter\CodeIgniter->handleRequest(null, Object(Config\Cache), false)
 9 FCPATH\index.php(55): CodeIgniter\CodeIgniter->run()
10 SYSTEMPATH\Commands\Server\rewrite.php(43): require_once('FCPATH\\index.php')
CRITICAL - 2024-01-08 09:57:43 --> Undefined array key "ID_USER"
in APPPATH\Views\admin\kelola-kost.php on line 45.
 1 APPPATH\Views\admin\kelola-kost.php(45): CodeIgniter\Debug\Exceptions->errorHandler(2, 'Undefined array key "ID_USER"', 'APPPATH\\Views\\admin\\kelola-kost.php', 45)
 2 SYSTEMPATH\View\View.php(213): include('APPPATH\\Views\\admin\\kelola-kost.php')
 3 SYSTEMPATH\View\View.php(216): CodeIgniter\View\View->CodeIgniter\View\{closure}()
 4 SYSTEMPATH\Common.php(1135): CodeIgniter\View\View->render('admin/kelola-kost', [], true)
 5 APPPATH\Controllers\AdminKelolaKost.php(27): view('admin/kelola-kost', [...])
 6 SYSTEMPATH\CodeIgniter.php(896): App\Controllers\AdminKelolaKost->index()
 7 SYSTEMPATH\CodeIgniter.php(466): CodeIgniter\CodeIgniter->runController(Object(App\Controllers\AdminKelolaKost))
 8 SYSTEMPATH\CodeIgniter.php(349): CodeIgniter\CodeIgniter->handleRequest(null, Object(Config\Cache), false)
 9 FCPATH\index.php(55): CodeIgniter\CodeIgniter->run()
10 SYSTEMPATH\Commands\Server\rewrite.php(43): require_once('FCPATH\\index.php')
